<?xml version="1.0" encoding="UTF-8"?>
<beans xmlns="http://www.springframework.org/schema/beans"
	xmlns:xsi="http://www.w3.org/2001/XMLSchema-instance" xmlns:context="http://www.springframework.org/schema/context"
	xmlns:tx="http://www.springframework.org/schema/tx"
	xsi:schemaLocation="http://www.springframework.org/schema/beans
        http://www.springframework.org/schema/beans/spring-beans.xsd
        http://www.springframework.org/schema/context
        http://www.springframework.org/schema/context/spring-context.xsd
        http://www.springframework.org/schema/tx 
  		http://www.springframework.org/schema/tx/spring-tx-2.5.xsd">

	<!-- DataSource creation -->
	<context:property-placeholder location="classpath:/test-config.properties" />
	<tx:annotation-driven proxy-target-class="true"		transaction-manager="transactionManager" />
	
	<bean id="dataSource"
		class="org.springframework.jdbc.datasource.DriverManagerDataSource">
		<property name="driverClassName" value="${driverClassName}" />
		<property name="url" value="${url}" />
		<property name="username" value="${username}" />
		<property name="password" value="${password}" />
	</bean>

	<bean id="sessionFactory" class="org.springframework.orm.hibernate4.LocalSessionFactoryBean" >
	  <property name="dataSource" ref="dataSource" />
	  <property name="packagesToScan" value="com.excilys.computerdatabase.model" />
		<property name="hibernateProperties">
	    <props>
	      <prop key="hibernate.dialect">org.hibernate.dialect.MySQLDialect</prop>
	      <prop key="hibernate.show_sql">true</prop>
	     <!--  <prop key="hibernate.hbm2ddl.auto">update</prop> -->
	    </props>
	  </property> 
	</bean>


	<!-- Package scan -->
	<context:component-scan base-package="com.excilys.computerdatabase.dao.impl" />
	<context:component-scan base-package="com.excilys.computerdatabase.dto" />
	<context:component-scan base-package="com.excilys.computerdatabase.mapper.impl" />
	<context:component-scan base-package="com.excilys.computerdatabase.service.impl" />
	<context:component-scan base-package="com.excilys.computerdatabase.util" />
	<context:component-scan base-package="com.excilys.computerdatabase.controler" />
	<context:component-scan base-package="com.excilys.computerdatabase.ui" />

	<!-- Transaction -->

	<bean id="transactionManager" class="org.springframework.orm.hibernate4.HibernateTransactionManager">
		<property name="sessionFactory" ref="sessionFactory"/>
	</bean>

	<!-- Spring message (i18n) -->
	<bean id="messageSource"
		class="org.springframework.context.support.ReloadableResourceBundleMessageSource">
		<property name="defaultEncoding" value="UTF-8" />
		<property name="basenames">
			<list>
				<value>classpath:/message/springMessage</value>
			</list>
		</property>
	</bean>

</beans>